# questo è un commento
-- GENERALE
NUMERO CLIENTI: 42
PRODOTTI VENDUTI: 42
-- CLIENTI
0:
	TEMPO NEL SUPERMERCATO: 1802
	TEMPO IN CODA: 620
	NUMERO PRODOTTI: 6
	NUMERO CAMBI CODA: 3
1:
	TEMPO NEL SUPERMERCATO: 742
	TEMPO IN CODA: 716
	NUMERO PRODOTTI: 16
	NUMERO CAMBI CODA: 3
2:
	TEMPO NEL SUPERMERCATO: 277
	TEMPO IN CODA: 670
	NUMERO PRODOTTI: 9
	NUMERO CAMBI CODA: 3
3:
	TEMPO NEL SUPERMERCATO: 1712
	TEMPO IN CODA: 701
	NUMERO PRODOTTI: 24
	NUMERO CAMBI CODA: 5
4:
	TEMPO NEL SUPERMERCATO: 1839
	TEMPO IN CODA: 405
	NUMERO PRODOTTI: 14
	NUMERO CAMBI CODA: 0
5:
	TEMPO NEL SUPERMERCATO: 18
	TEMPO IN CODA: 522
	NUMERO PRODOTTI: 26
	NUMERO CAMBI CODA: 2
6:
	TEMPO NEL SUPERMERCATO: 1197
	TEMPO IN CODA: 454
	NUMERO PRODOTTI: 17
	NUMERO CAMBI CODA: 2
7:
	TEMPO NEL SUPERMERCATO: 1830
	TEMPO IN CODA: 790
	NUMERO PRODOTTI: 38
	NUMERO CAMBI CODA: 2
8:
	TEMPO NEL SUPERMERCATO: 963
	TEMPO IN CODA: 685
	NUMERO PRODOTTI: 43
	NUMERO CAMBI CODA: 0
9:
	TEMPO NEL SUPERMERCATO: 642
	TEMPO IN CODA: 268
	NUMERO PRODOTTI: 24
	NUMERO CAMBI CODA: 2
10:
	TEMPO NEL SUPERMERCATO: 617
	TEMPO IN CODA: 270
	NUMERO PRODOTTI: 48
	NUMERO CAMBI CODA: 0
11:
	TEMPO NEL SUPERMERCATO: 615
	TEMPO IN CODA: 829
	NUMERO PRODOTTI: 12
	NUMERO CAMBI CODA: 4
12:
	TEMPO NEL SUPERMERCATO: 736
	TEMPO IN CODA: 93
	NUMERO PRODOTTI: 36
	NUMERO CAMBI CODA: 1
-- CASSE
0:
	NUMERO CLIENTI: 4
	TEMPO CLIENTI:
		87
		109
		22
		61
	NUMERO PRODOTTI: 4
	NUMERO CHIUSURE: 6
	APERTURE:
		327
		364
		126
		394
		579
		236
1:
	NUMERO CLIENTI: 3
	TEMPO CLIENTI:
		147
		124
		254
	NUMERO PRODOTTI: 4
	NUMERO CHIUSURE: 9
	APERTURE:
		458
		179
		231
		291
		334
		122
		227
		146
		217
2:
	NUMERO CLIENTI: 10
	TEMPO CLIENTI:
		226
		140
		83
		273
		300
		33
		291
		142
		28
		114
	NUMERO PRODOTTI: 20
	NUMERO CHIUSURE: 2
	APERTURE:
		253
		436
3:
	NUMERO CLIENTI: 4
	TEMPO CLIENTI:
		160
		214
		245
		191
	NUMERO PRODOTTI: 7
	NUMERO CHIUSURE: 8
	APERTURE:
		372
		421
		421
		495
		403
		153
		306
		438
4:
	NUMERO CLIENTI: 6
	TEMPO CLIENTI:
	APERTURE:
		127
		190
		199
		128
		280
		10
	NUMERO PRODOTTI: 9
	NUMERO CHIUSURE: 1
	APERTURE:
		414
5:
	NUMERO CLIENTI: 0
	TEMPO CLIENTI:
	NUMERO PRODOTTI: 0
	NUMERO CHIUSURE: 10
	APERTURE:
		148
		478
		250
		172
		113
		298
		106
		367
		142
		208
